<?xml version="1.0" encoding="UTF-8"?>
<testsuite xmlns:xsi="http://www.w3.org/2001/XMLSchema-instance" xsi:noNamespaceSchemaLocation="https://maven.apache.org/surefire/maven-surefire-plugin/xsd/surefire-test-report.xsd" name="com.mediscreen.notes.repository.NoteRepositoryTest" time="12.589" tests="2" errors="0" skipped="0" failures="0">
  <properties>
[...]
</properties>
  <testcase name="givenThreeNotes_whenFindByPatIdTwo_thenReturnOne" classname="com.mediscreen.notes.repository.NoteRepositoryTest" time="0.379"/>
  <testcase name="givenThreeNotes_whenFindAll_thenReturnThree" classname="com.mediscreen.notes.repository.NoteRepositoryTest" time="0.012"/>
</testsuite>